# JRE version: OpenJDK Runtime Environment Temurin-21.0.6+7 (21.0.6+7) (build 21.0.6+7-LTS)
# Java VM: OpenJDK 64-Bit Server VM Temurin-21.0.6+7 (21.0.6+7-LTS, mixed mode, sharing, tiered, compressed oops, compressed class ptrs, parallel gc, windows-amd64)
GC Precious Log:
 CardTable entry size: 512
 CPUs: 8 total, 8 available
 Memory: 7926M
 Large Page Support: Disabled
 NUMA Support: Disabled
 Compressed Oops: Enabled (32-bit)
 Alignments: Space 512K, Generation 512K, Heap 2M
 Heap Min Capacity: 100M
 Heap Initial Capacity: 100M
 Heap Max Capacity: 1G
 Pre-touch: Disabled
 Parallel Workers: 8
Heap:
 PSYoungGen      total 22016K, used 3376K [0x00000000eab00000, 0x00000000ec200000, 0x0000000100000000)
  eden space 20992K, 13% used [0x00000000eab00000,0x00000000eadc4218,0x00000000ebf80000)
  from space 1024K, 53% used [0x00000000ec080000,0x00000000ec108000,0x00000000ec180000)
  to   space 512K, 0% used [0x00000000ec180000,0x00000000ec180000,0x00000000ec200000)
 ParOldGen       total 68608K, used 29515K [0x00000000c0000000, 0x00000000c4300000, 0x00000000eab00000)
  object space 68608K, 43% used [0x00000000c0000000,0x00000000c1cd2c38,0x00000000c4300000)
 Metaspace       used 38328K, committed 39296K, reserved 1114112K
  class space    used 3771K, committed 4224K, reserved 1048576K
GC Heap History (20 events):
Event: 19.341 GC heap before
{Heap before GC invocations=14 (full 1):
 PSYoungGen      total 23040K, used 23010K [0x00000000eab00000, 0x00000000ecd80000, 0x0000000100000000)
  eden space 20992K, 100% used [0x00000000eab00000,0x00000000ebf80000,0x00000000ebf80000)
  from space 2048K, 98% used [0x00000000ec600000,0x00000000ec7f8810,0x00000000ec800000)
  to   space 6656K, 0% used [0x00000000ebf80000,0x00000000ebf80000,0x00000000ec600000)
 ParOldGen       total 68608K, used 20160K [0x00000000c0000000, 0x00000000c4300000, 0x00000000eab00000)
  object space 68608K, 29% used [0x00000000c0000000,0x00000000c13b00d8,0x00000000c4300000)
 Metaspace       used 32227K, committed 33280K, reserved 1114112K
  class space    used 3229K, committed 3712K, reserved 1048576K
}
Event: 19.345 GC heap after
{Heap after GC invocations=14 (full 1):
 PSYoungGen      total 23552K, used 2308K [0x00000000eab00000, 0x00000000ec680000, 0x0000000100000000)
  eden space 20992K, 0% used [0x00000000eab00000,0x00000000eab00000,0x00000000ebf80000)
  from space 2560K, 90% used [0x00000000ebf80000,0x00000000ec1c1000,0x00000000ec200000)
  to   space 3584K, 0% used [0x00000000ec300000,0x00000000ec300000,0x00000000ec680000)
 ParOldGen       total 68608K, used 22109K [0x00000000c0000000, 0x00000000c4300000, 0x00000000eab00000)
  object space 68608K, 32% used [0x00000000c0000000,0x00000000c1597448,0x00000000c4300000)
 Metaspace       used 32227K, committed 33280K, reserved 1114112K
  class space    used 3229K, committed 3712K, reserved 1048576K
}
Event: 19.401 GC heap before
{Heap before GC invocations=15 (full 1):
 PSYoungGen      total 23552K, used 23300K [0x00000000eab00000, 0x00000000ec680000, 0x0000000100000000)
  eden space 20992K, 100% used [0x00000000eab00000,0x00000000ebf80000,0x00000000ebf80000)
  from space 2560K, 90% used [0x00000000ebf80000,0x00000000ec1c1000,0x00000000ec200000)
  to   space 3584K, 0% used [0x00000000ec300000,0x00000000ec300000,0x00000000ec680000)
 ParOldGen       total 68608K, used 22109K [0x00000000c0000000, 0x00000000c4300000, 0x00000000eab00000)
  object space 68608K, 32% used [0x00000000c0000000,0x00000000c1597448,0x00000000c4300000)
 Metaspace       used 32322K, committed 33344K, reserved 1114112K
  class space    used 3229K, committed 3712K, reserved 1048576K
}
Event: 19.406 GC heap after
{Heap after GC invocations=15 (full 1):
 PSYoungGen      total 24064K, used 2624K [0x00000000eab00000, 0x00000000ec600000, 0x0000000100000000)
  eden space 20992K, 0% used [0x00000000eab00000,0x00000000eab00000,0x00000000ebf80000)
  from space 3072K, 85% used [0x00000000ec300000,0x00000000ec590010,0x00000000ec600000)
  to   space 3072K, 0% used [0x00000000ec000000,0x00000000ec000000,0x00000000ec300000)
 ParOldGen       total 68608K, used 24255K [0x00000000c0000000, 0x00000000c4300000, 0x00000000eab00000)
  object space 68608K, 35% used [0x00000000c0000000,0x00000000c17aff98,0x00000000c4300000)
 Metaspace       used 32322K, committed 33344K, reserved 1114112K
  class space    used 3229K, committed 3712K, reserved 1048576K
}
Event: 19.457 GC heap before
{Heap before GC invocations=16 (full 1):
 PSYoungGen      total 24064K, used 23616K [0x00000000eab00000, 0x00000000ec600000, 0x0000000100000000)
  eden space 20992K, 100% used [0x00000000eab00000,0x00000000ebf80000,0x00000000ebf80000)
  from space 3072K, 85% used [0x00000000ec300000,0x00000000ec590010,0x00000000ec600000)
  to   space 3072K, 0% used [0x00000000ec000000,0x00000000ec000000,0x00000000ec300000)
 ParOldGen       total 68608K, used 24255K [0x00000000c0000000, 0x00000000c4300000, 0x00000000eab00000)
  object space 68608K, 35% used [0x00000000c0000000,0x00000000c17aff98,0x00000000c4300000)
 Metaspace       used 32414K, committed 33472K, reserved 1114112K
  class space    used 3229K, committed 3712K, reserved 1048576K
}
Event: 19.462 GC heap after
{Heap after GC invocations=16 (full 1):
 PSYoungGen      total 23552K, used 2360K [0x00000000eab00000, 0x00000000ec480000, 0x0000000100000000)
  eden space 20992K, 0% used [0x00000000eab00000,0x00000000eab00000,0x00000000ebf80000)
  from space 2560K, 92% used [0x00000000ec000000,0x00000000ec24e200,0x00000000ec280000)
  to   space 2048K, 0% used [0x00000000ec280000,0x00000000ec280000,0x00000000ec480000)
 ParOldGen       total 68608K, used 26775K [0x00000000c0000000, 0x00000000c4300000, 0x00000000eab00000)
  object space 68608K, 39% used [0x00000000c0000000,0x00000000c1a25fa8,0x00000000c4300000)
 Metaspace       used 32414K, committed 33472K, reserved 1114112K
  class space    used 3229K, committed 3712K, reserved 1048576K
}
Event: 19.600 GC heap before
{Heap before GC invocations=17 (full 1):
 PSYoungGen      total 23552K, used 23352K [0x00000000eab00000, 0x00000000ec480000, 0x0000000100000000)
  eden space 20992K, 100% used [0x00000000eab00000,0x00000000ebf80000,0x00000000ebf80000)
  from space 2560K, 92% used [0x00000000ec000000,0x00000000ec24e200,0x00000000ec280000)
  to   space 2048K, 0% used [0x00000000ec280000,0x00000000ec280000,0x00000000ec480000)
 ParOldGen       total 68608K, used 26775K [0x00000000c0000000, 0x00000000c4300000, 0x00000000eab00000)
  object space 68608K, 39% used [0x00000000c0000000,0x00000000c1a25fa8,0x00000000c4300000)
 Metaspace       used 33523K, committed 34560K, reserved 1114112K
  class space    used 3375K, committed 3840K, reserved 1048576K
}
Event: 19.602 GC heap after
{Heap after GC invocations=17 (full 1):
 PSYoungGen      total 23040K, used 1610K [0x00000000eab00000, 0x00000000ec480000, 0x0000000100000000)
  eden space 20992K, 0% used [0x00000000eab00000,0x00000000eab00000,0x00000000ebf80000)
  from space 2048K, 78% used [0x00000000ec280000,0x00000000ec4129e8,0x00000000ec480000)
  to   space 2048K, 0% used [0x00000000ec080000,0x00000000ec080000,0x00000000ec280000)
 ParOldGen       total 68608K, used 29016K [0x00000000c0000000, 0x00000000c4300000, 0x00000000eab00000)
  object space 68608K, 42% used [0x00000000c0000000,0x00000000c1c561a8,0x00000000c4300000)
 Metaspace       used 33523K, committed 34560K, reserved 1114112K
  class space    used 3375K, committed 3840K, reserved 1048576K
}
Event: 19.829 GC heap before
{Heap before GC invocations=18 (full 1):
 PSYoungGen      total 23040K, used 22553K [0x00000000eab00000, 0x00000000ec480000, 0x0000000100000000)
  eden space 20992K, 99% used [0x00000000eab00000,0x00000000ebf73b20,0x00000000ebf80000)
  from space 2048K, 78% used [0x00000000ec280000,0x00000000ec4129e8,0x00000000ec480000)
  to   space 2048K, 0% used [0x00000000ec080000,0x00000000ec080000,0x00000000ec280000)
 ParOldGen       total 68608K, used 29016K [0x00000000c0000000, 0x00000000c4300000, 0x00000000eab00000)
  object space 68608K, 42% used [0x00000000c0000000,0x00000000c1c561a8,0x00000000c4300000)
 Metaspace       used 34722K, committed 35840K, reserved 1114112K
  class space    used 3533K, committed 4032K, reserved 1048576K
}
Event: 19.831 GC heap after
{Heap after GC invocations=18 (full 1):
 PSYoungGen      total 22016K, used 749K [0x00000000eab00000, 0x00000000ec300000, 0x0000000100000000)
  eden space 20992K, 0% used [0x00000000eab00000,0x00000000eab00000,0x00000000ebf80000)
  from space 1024K, 73% used [0x00000000ec080000,0x00000000ec13b4d8,0x00000000ec180000)
  to   space 1536K, 0% used [0x00000000ec180000,0x00000000ec180000,0x00000000ec300000)
 ParOldGen       total 68608K, used 30377K [0x00000000c0000000, 0x00000000c4300000, 0x00000000eab00000)
  object space 68608K, 44% used [0x00000000c0000000,0x00000000c1daa590,0x00000000c4300000)
 Metaspace       used 34722K, committed 35840K, reserved 1114112K
  class space    used 3533K, committed 4032K, reserved 1048576K
}
Event: 19.836 GC heap before
{Heap before GC invocations=19 (full 1):
 PSYoungGen      total 22016K, used 1338K [0x00000000eab00000, 0x00000000ec300000, 0x0000000100000000)
  eden space 20992K, 2% used [0x00000000eab00000,0x00000000eab93650,0x00000000ebf80000)
  from space 1024K, 73% used [0x00000000ec080000,0x00000000ec13b4d8,0x00000000ec180000)
  to   space 1536K, 0% used [0x00000000ec180000,0x00000000ec180000,0x00000000ec300000)
 ParOldGen       total 68608K, used 30377K [0x00000000c0000000, 0x00000000c4300000, 0x00000000eab00000)
  object space 68608K, 44% used [0x00000000c0000000,0x00000000c1daa590,0x00000000c4300000)
 Metaspace       used 34774K, committed 35840K, reserved 1114112K
  class space    used 3536K, committed 4032K, reserved 1048576K
}
Event: 19.837 GC heap after
{Heap after GC invocations=19 (full 1):
 PSYoungGen      total 21504K, used 192K [0x00000000eab00000, 0x00000000ec200000, 0x0000000100000000)
  eden space 20992K, 0% used [0x00000000eab00000,0x00000000eab00000,0x00000000ebf80000)
  from space 512K, 37% used [0x00000000ec180000,0x00000000ec1b0000,0x00000000ec200000)
  to   space 512K, 0% used [0x00000000ec100000,0x00000000ec100000,0x00000000ec180000)
 ParOldGen       total 68608K, used 31013K [0x00000000c0000000, 0x00000000c4300000, 0x00000000eab00000)
  object space 68608K, 45% used [0x00000000c0000000,0x00000000c1e497f0,0x00000000c4300000)
 Metaspace       used 34774K, committed 35840K, reserved 1114112K
  class space    used 3536K, committed 4032K, reserved 1048576K
}
Event: 19.837 GC heap before
{Heap before GC invocations=20 (full 2):
 PSYoungGen      total 21504K, used 192K [0x00000000eab00000, 0x00000000ec200000, 0x0000000100000000)
  eden space 20992K, 0% used [0x00000000eab00000,0x00000000eab00000,0x00000000ebf80000)
  from space 512K, 37% used [0x00000000ec180000,0x00000000ec1b0000,0x00000000ec200000)
  to   space 512K, 0% used [0x00000000ec100000,0x00000000ec100000,0x00000000ec180000)
 ParOldGen       total 68608K, used 31013K [0x00000000c0000000, 0x00000000c4300000, 0x00000000eab00000)
  object space 68608K, 45% used [0x00000000c0000000,0x00000000c1e497f0,0x00000000c4300000)
 Metaspace       used 34774K, committed 35840K, reserved 1114112K
  class space    used 3536K, committed 4032K, reserved 1048576K
}
Event: 19.880 GC heap after
{Heap after GC invocations=20 (full 2):
 PSYoungGen      total 21504K, used 0K [0x00000000eab00000, 0x00000000ec200000, 0x0000000100000000)
  eden space 20992K, 0% used [0x00000000eab00000,0x00000000eab00000,0x00000000ebf80000)
  from space 512K, 0% used [0x00000000ec180000,0x00000000ec180000,0x00000000ec200000)
  to   space 512K, 0% used [0x00000000ec100000,0x00000000ec100000,0x00000000ec180000)
 ParOldGen       total 68608K, used 28215K [0x00000000c0000000, 0x00000000c4300000, 0x00000000eab00000)
  object space 68608K, 41% used [0x00000000c0000000,0x00000000c1b8dfb8,0x00000000c4300000)
 Metaspace       used 34482K, committed 35840K, reserved 1114112K
  class space    used 3454K, committed 4032K, reserved 1048576K
}
Event: 20.084 GC heap before
{Heap before GC invocations=21 (full 2):
 PSYoungGen      total 21504K, used 20992K [0x00000000eab00000, 0x00000000ec200000, 0x0000000100000000)
  eden space 20992K, 100% used [0x00000000eab00000,0x00000000ebf80000,0x00000000ebf80000)
  from space 512K, 0% used [0x00000000ec180000,0x00000000ec180000,0x00000000ec200000)
  to   space 512K, 0% used [0x00000000ec100000,0x00000000ec100000,0x00000000ec180000)
 ParOldGen       total 68608K, used 28215K [0x00000000c0000000, 0x00000000c4300000, 0x00000000eab00000)
  object space 68608K, 41% used [0x00000000c0000000,0x00000000c1b8dfb8,0x00000000c4300000)
 Metaspace       used 36135K, committed 37056K, reserved 1114112K
  class space    used 3581K, committed 4032K, reserved 1048576K
}
Event: 20.086 GC heap after
{Heap after GC invocations=21 (full 2):
 PSYoungGen      total 21504K, used 503K [0x00000000eab00000, 0x00000000ec380000, 0x0000000100000000)
  eden space 20992K, 0% used [0x00000000eab00000,0x00000000eab00000,0x00000000ebf80000)
  from space 512K, 98% used [0x00000000ec100000,0x00000000ec17dca8,0x00000000ec180000)
  to   space 2048K, 0% used [0x00000000ec180000,0x00000000ec180000,0x00000000ec380000)
 ParOldGen       total 68608K, used 29115K [0x00000000c0000000, 0x00000000c4300000, 0x00000000eab00000)
  object space 68608K, 42% used [0x00000000c0000000,0x00000000c1c6ec38,0x00000000c4300000)
 Metaspace       used 36135K, committed 37056K, reserved 1114112K
  class space    used 3581K, committed 4032K, reserved 1048576K
}
Event: 20.139 GC heap before
{Heap before GC invocations=22 (full 2):
 PSYoungGen      total 21504K, used 21495K [0x00000000eab00000, 0x00000000ec380000, 0x0000000100000000)
  eden space 20992K, 100% used [0x00000000eab00000,0x00000000ebf80000,0x00000000ebf80000)
  from space 512K, 98% used [0x00000000ec100000,0x00000000ec17dca8,0x00000000ec180000)
  to   space 2048K, 0% used [0x00000000ec180000,0x00000000ec180000,0x00000000ec380000)
 ParOldGen       total 68608K, used 29115K [0x00000000c0000000, 0x00000000c4300000, 0x00000000eab00000)
  object space 68608K, 42% used [0x00000000c0000000,0x00000000c1c6ec38,0x00000000c4300000)
 Metaspace       used 36165K, committed 37120K, reserved 1114112K
  class space    used 3581K, committed 4032K, reserved 1048576K
}
Event: 20.141 GC heap after
{Heap after GC invocations=22 (full 2):
 PSYoungGen      total 22016K, used 662K [0x00000000eab00000, 0x00000000ec280000, 0x0000000100000000)
  eden space 20992K, 0% used [0x00000000eab00000,0x00000000eab00000,0x00000000ebf80000)
  from space 1024K, 64% used [0x00000000ec180000,0x00000000ec225930,0x00000000ec280000)
  to   space 1024K, 0% used [0x00000000ec080000,0x00000000ec080000,0x00000000ec180000)
 ParOldGen       total 68608K, used 29427K [0x00000000c0000000, 0x00000000c4300000, 0x00000000eab00000)
  object space 68608K, 42% used [0x00000000c0000000,0x00000000c1cbcc38,0x00000000c4300000)
 Metaspace       used 36165K, committed 37120K, reserved 1114112K
  class space    used 3581K, committed 4032K, reserved 1048576K
}
Event: 20.317 GC heap before
{Heap before GC invocations=23 (full 2):
 PSYoungGen      total 22016K, used 21654K [0x00000000eab00000, 0x00000000ec280000, 0x0000000100000000)
  eden space 20992K, 100% used [0x00000000eab00000,0x00000000ebf80000,0x00000000ebf80000)
  from space 1024K, 64% used [0x00000000ec180000,0x00000000ec225930,0x00000000ec280000)
  to   space 1024K, 0% used [0x00000000ec080000,0x00000000ec080000,0x00000000ec180000)
 ParOldGen       total 68608K, used 29427K [0x00000000c0000000, 0x00000000c4300000, 0x00000000eab00000)
  object space 68608K, 42% used [0x00000000c0000000,0x00000000c1cbcc38,0x00000000c4300000)
 Metaspace       used 38117K, committed 39104K, reserved 1114112K
  class space    used 3760K, committed 4160K, reserved 1048576K
}
Event: 20.319 GC heap after
{Heap after GC invocations=23 (full 2):
 PSYoungGen      total 22016K, used 544K [0x00000000eab00000, 0x00000000ec200000, 0x0000000100000000)
  eden space 20992K, 0% used [0x00000000eab00000,0x00000000eab00000,0x00000000ebf80000)
  from space 1024K, 53% used [0x00000000ec080000,0x00000000ec108000,0x00000000ec180000)
  to   space 512K, 0% used [0x00000000ec180000,0x00000000ec180000,0x00000000ec200000)
 ParOldGen       total 68608K, used 29515K [0x00000000c0000000, 0x00000000c4300000, 0x00000000eab00000)
  object space 68608K, 43% used [0x00000000c0000000,0x00000000c1cd2c38,0x00000000c4300000)
 Metaspace       used 38117K, committed 39104K, reserved 1114112K
  class space    used 3760K, committed 4160K, reserved 1048576K
}

