# JRE version: OpenJDK Runtime Environment Temurin-21.0.6+7 (21.0.6+7) (build 21.0.6+7-LTS)
# Java VM: OpenJDK 64-Bit Server VM Temurin-21.0.6+7 (21.0.6+7-LTS, mixed mode, sharing, tiered, compressed oops, compressed class ptrs, parallel gc, windows-amd64)
GC Precious Log:
 CardTable entry size: 512
 CPUs: 8 total, 8 available
 Memory: 7926M
 Large Page Support: Disabled
 NUMA Support: Disabled
 Compressed Oops: Enabled (32-bit)
 Alignments: Space 512K, Generation 512K, Heap 2M
 Heap Min Capacity: 100M
 Heap Initial Capacity: 100M
 Heap Max Capacity: 1G
 Pre-touch: Disabled
 Parallel Workers: 8
Heap:
 PSYoungGen      total 9728K, used 5976K [0x00000000eab00000, 0x00000000eb800000, 0x0000000100000000)
  eden space 8704K, 62% used [0x00000000eab00000,0x00000000eb0523a0,0x00000000eb380000)
  from space 1024K, 51% used [0x00000000eb700000,0x00000000eb783ca8,0x00000000eb800000)
  to   space 1024K, 0% used [0x00000000eb580000,0x00000000eb580000,0x00000000eb680000)
 ParOldGen       total 325632K, used 164778K [0x00000000c0000000, 0x00000000d3e00000, 0x00000000eab00000)
  object space 325632K, 50% used [0x00000000c0000000,0x00000000ca0ea870,0x00000000d3e00000)
 Metaspace       used 60371K, committed 61824K, reserved 1114112K
  class space    used 6310K, committed 6912K, reserved 1048576K
GC Heap History (20 events):
Event: 19.586 GC heap before
{Heap before GC invocations=374 (full 2):
 PSYoungGen      total 7680K, used 7661K [0x00000000eab00000, 0x00000000ebb00000, 0x0000000100000000)
  eden space 5632K, 99% used [0x00000000eab00000,0x00000000eb07d638,0x00000000eb080000)
  from space 2048K, 99% used [0x00000000eb080000,0x00000000eb27e118,0x00000000eb280000)
  to   space 4608K, 0% used [0x00000000eb680000,0x00000000eb680000,0x00000000ebb00000)
 ParOldGen       total 310272K, used 309848K [0x00000000c0000000, 0x00000000d2f00000, 0x00000000eab00000)
  object space 310272K, 99% used [0x00000000c0000000,0x00000000d2e96230,0x00000000d2f00000)
 Metaspace       used 57273K, committed 58496K, reserved 1114112K
  class space    used 5985K, committed 6464K, reserved 1048576K
}
Event: 19.590 GC heap after
{Heap after GC invocations=374 (full 2):
 PSYoungGen      total 9728K, used 2340K [0x00000000eab00000, 0x00000000eb900000, 0x0000000100000000)
  eden space 7168K, 0% used [0x00000000eab00000,0x00000000eab00000,0x00000000eb200000)
  from space 2560K, 91% used [0x00000000eb680000,0x00000000eb8c90d8,0x00000000eb900000)
  to   space 3072K, 0% used [0x00000000eb300000,0x00000000eb300000,0x00000000eb600000)
 ParOldGen       total 311808K, used 311668K [0x00000000c0000000, 0x00000000d3080000, 0x00000000eab00000)
  object space 311808K, 99% used [0x00000000c0000000,0x00000000d305d248,0x00000000d3080000)
 Metaspace       used 57273K, committed 58496K, reserved 1114112K
  class space    used 5985K, committed 6464K, reserved 1048576K
}
Event: 19.599 GC heap before
{Heap before GC invocations=375 (full 2):
 PSYoungGen      total 9728K, used 9508K [0x00000000eab00000, 0x00000000eb900000, 0x0000000100000000)
  eden space 7168K, 100% used [0x00000000eab00000,0x00000000eb200000,0x00000000eb200000)
  from space 2560K, 91% used [0x00000000eb680000,0x00000000eb8c90d8,0x00000000eb900000)
  to   space 3072K, 0% used [0x00000000eb300000,0x00000000eb300000,0x00000000eb600000)
 ParOldGen       total 311808K, used 311668K [0x00000000c0000000, 0x00000000d3080000, 0x00000000eab00000)
  object space 311808K, 99% used [0x00000000c0000000,0x00000000d305d248,0x00000000d3080000)
 Metaspace       used 57273K, committed 58496K, reserved 1114112K
  class space    used 5985K, committed 6464K, reserved 1048576K
}
Event: 19.603 GC heap after
{Heap after GC invocations=375 (full 2):
 PSYoungGen      total 11264K, used 2991K [0x00000000eab00000, 0x00000000eba80000, 0x0000000100000000)
  eden space 8192K, 0% used [0x00000000eab00000,0x00000000eab00000,0x00000000eb300000)
  from space 3072K, 97% used [0x00000000eb300000,0x00000000eb5ebcd0,0x00000000eb600000)
  to   space 3584K, 0% used [0x00000000eb700000,0x00000000eb700000,0x00000000eba80000)
 ParOldGen       total 313856K, used 313790K [0x00000000c0000000, 0x00000000d3280000, 0x00000000eab00000)
  object space 313856K, 99% used [0x00000000c0000000,0x00000000d326f9b8,0x00000000d3280000)
 Metaspace       used 57273K, committed 58496K, reserved 1114112K
  class space    used 5985K, committed 6464K, reserved 1048576K
}
Event: 19.619 GC heap before
{Heap before GC invocations=376 (full 2):
 PSYoungGen      total 11264K, used 11183K [0x00000000eab00000, 0x00000000eba80000, 0x0000000100000000)
  eden space 8192K, 100% used [0x00000000eab00000,0x00000000eb300000,0x00000000eb300000)
  from space 3072K, 97% used [0x00000000eb300000,0x00000000eb5ebcd0,0x00000000eb600000)
  to   space 3584K, 0% used [0x00000000eb700000,0x00000000eb700000,0x00000000eba80000)
 ParOldGen       total 313856K, used 313790K [0x00000000c0000000, 0x00000000d3280000, 0x00000000eab00000)
  object space 313856K, 99% used [0x00000000c0000000,0x00000000d326f9b8,0x00000000d3280000)
 Metaspace       used 57273K, committed 58496K, reserved 1114112K
  class space    used 5985K, committed 6464K, reserved 1048576K
}
Event: 19.623 GC heap after
{Heap after GC invocations=376 (full 2):
 PSYoungGen      total 12288K, used 3454K [0x00000000eab00000, 0x00000000ebc00000, 0x0000000100000000)
  eden space 8704K, 0% used [0x00000000eab00000,0x00000000eab00000,0x00000000eb380000)
  from space 3584K, 96% used [0x00000000eb700000,0x00000000eba5fbe0,0x00000000eba80000)
  to   space 3584K, 0% used [0x00000000eb380000,0x00000000eb380000,0x00000000eb700000)
 ParOldGen       total 316928K, used 316640K [0x00000000c0000000, 0x00000000d3580000, 0x00000000eab00000)
  object space 316928K, 99% used [0x00000000c0000000,0x00000000d35381a0,0x00000000d3580000)
 Metaspace       used 57273K, committed 58496K, reserved 1114112K
  class space    used 5985K, committed 6464K, reserved 1048576K
}
Event: 19.642 GC heap before
{Heap before GC invocations=377 (full 2):
 PSYoungGen      total 12288K, used 12158K [0x00000000eab00000, 0x00000000ebc00000, 0x0000000100000000)
  eden space 8704K, 100% used [0x00000000eab00000,0x00000000eb380000,0x00000000eb380000)
  from space 3584K, 96% used [0x00000000eb700000,0x00000000eba5fbe0,0x00000000eba80000)
  to   space 3584K, 0% used [0x00000000eb380000,0x00000000eb380000,0x00000000eb700000)
 ParOldGen       total 316928K, used 316640K [0x00000000c0000000, 0x00000000d3580000, 0x00000000eab00000)
  object space 316928K, 99% used [0x00000000c0000000,0x00000000d35381a0,0x00000000d3580000)
 Metaspace       used 57273K, committed 58496K, reserved 1114112K
  class space    used 5985K, committed 6464K, reserved 1048576K
}
Event: 19.646 GC heap after
{Heap after GC invocations=377 (full 2):
 PSYoungGen      total 12288K, used 3230K [0x00000000eab00000, 0x00000000ebc80000, 0x0000000100000000)
  eden space 8704K, 0% used [0x00000000eab00000,0x00000000eab00000,0x00000000eb380000)
  from space 3584K, 90% used [0x00000000eb380000,0x00000000eb6a7b90,0x00000000eb700000)
  to   space 3584K, 0% used [0x00000000eb900000,0x00000000eb900000,0x00000000ebc80000)
 ParOldGen       total 320512K, used 320053K [0x00000000c0000000, 0x00000000d3900000, 0x00000000eab00000)
  object space 320512K, 99% used [0x00000000c0000000,0x00000000d388d7f0,0x00000000d3900000)
 Metaspace       used 57273K, committed 58496K, reserved 1114112K
  class space    used 5985K, committed 6464K, reserved 1048576K
}
Event: 19.839 GC heap before
{Heap before GC invocations=378 (full 2):
 PSYoungGen      total 12288K, used 11934K [0x00000000eab00000, 0x00000000ebc80000, 0x0000000100000000)
  eden space 8704K, 100% used [0x00000000eab00000,0x00000000eb380000,0x00000000eb380000)
  from space 3584K, 90% used [0x00000000eb380000,0x00000000eb6a7b90,0x00000000eb700000)
  to   space 3584K, 0% used [0x00000000eb900000,0x00000000eb900000,0x00000000ebc80000)
 ParOldGen       total 320512K, used 320053K [0x00000000c0000000, 0x00000000d3900000, 0x00000000eab00000)
  object space 320512K, 99% used [0x00000000c0000000,0x00000000d388d7f0,0x00000000d3900000)
 Metaspace       used 57745K, committed 59008K, reserved 1114112K
  class space    used 6033K, committed 6528K, reserved 1048576K
}
Event: 19.844 GC heap after
{Heap after GC invocations=378 (full 2):
 PSYoungGen      total 11264K, used 2234K [0x00000000eab00000, 0x00000000ebb80000, 0x0000000100000000)
  eden space 8704K, 0% used [0x00000000eab00000,0x00000000eab00000,0x00000000eb380000)
  from space 2560K, 87% used [0x00000000eb900000,0x00000000ebb2ea40,0x00000000ebb80000)
  to   space 3072K, 0% used [0x00000000eb580000,0x00000000eb580000,0x00000000eb880000)
 ParOldGen       total 323584K, used 323231K [0x00000000c0000000, 0x00000000d3c00000, 0x00000000eab00000)
  object space 323584K, 99% used [0x00000000c0000000,0x00000000d3ba7c38,0x00000000d3c00000)
 Metaspace       used 57745K, committed 59008K, reserved 1114112K
  class space    used 6033K, committed 6528K, reserved 1048576K
}
Event: 20.118 GC heap before
{Heap before GC invocations=379 (full 2):
 PSYoungGen      total 11264K, used 10333K [0x00000000eab00000, 0x00000000ebb80000, 0x0000000100000000)
  eden space 8704K, 93% used [0x00000000eab00000,0x00000000eb2e8bf8,0x00000000eb380000)
  from space 2560K, 87% used [0x00000000eb900000,0x00000000ebb2ea40,0x00000000ebb80000)
  to   space 3072K, 0% used [0x00000000eb580000,0x00000000eb580000,0x00000000eb880000)
 ParOldGen       total 323584K, used 323231K [0x00000000c0000000, 0x00000000d3c00000, 0x00000000eab00000)
  object space 323584K, 99% used [0x00000000c0000000,0x00000000d3ba7c38,0x00000000d3c00000)
 Metaspace       used 58474K, committed 59776K, reserved 1114112K
  class space    used 6150K, committed 6720K, reserved 1048576K
}
Event: 20.125 GC heap after
{Heap after GC invocations=379 (full 2):
 PSYoungGen      total 9728K, used 848K [0x00000000eab00000, 0x00000000eb980000, 0x0000000100000000)
  eden space 8704K, 0% used [0x00000000eab00000,0x00000000eab00000,0x00000000eb380000)
  from space 1024K, 82% used [0x00000000eb580000,0x00000000eb654050,0x00000000eb680000)
  to   space 1536K, 0% used [0x00000000eb800000,0x00000000eb800000,0x00000000eb980000)
 ParOldGen       total 325632K, used 325130K [0x00000000c0000000, 0x00000000d3e00000, 0x00000000eab00000)
  object space 325632K, 99% used [0x00000000c0000000,0x00000000d3d82a90,0x00000000d3e00000)
 Metaspace       used 58474K, committed 59776K, reserved 1114112K
  class space    used 6150K, committed 6720K, reserved 1048576K
}
Event: 20.125 GC heap before
{Heap before GC invocations=380 (full 3):
 PSYoungGen      total 9728K, used 848K [0x00000000eab00000, 0x00000000eb980000, 0x0000000100000000)
  eden space 8704K, 0% used [0x00000000eab00000,0x00000000eab00000,0x00000000eb380000)
  from space 1024K, 82% used [0x00000000eb580000,0x00000000eb654050,0x00000000eb680000)
  to   space 1536K, 0% used [0x00000000eb800000,0x00000000eb800000,0x00000000eb980000)
 ParOldGen       total 325632K, used 325130K [0x00000000c0000000, 0x00000000d3e00000, 0x00000000eab00000)
  object space 325632K, 99% used [0x00000000c0000000,0x00000000d3d82a90,0x00000000d3e00000)
 Metaspace       used 58474K, committed 59776K, reserved 1114112K
  class space    used 6150K, committed 6720K, reserved 1048576K
}
Event: 20.364 GC heap after
{Heap after GC invocations=380 (full 3):
 PSYoungGen      total 9728K, used 0K [0x00000000eab00000, 0x00000000eb980000, 0x0000000100000000)
  eden space 8704K, 0% used [0x00000000eab00000,0x00000000eab00000,0x00000000eb380000)
  from space 1024K, 0% used [0x00000000eb580000,0x00000000eb580000,0x00000000eb680000)
  to   space 1536K, 0% used [0x00000000eb800000,0x00000000eb800000,0x00000000eb980000)
 ParOldGen       total 325632K, used 163784K [0x00000000c0000000, 0x00000000d3e00000, 0x00000000eab00000)
  object space 325632K, 50% used [0x00000000c0000000,0x00000000c9ff2048,0x00000000d3e00000)
 Metaspace       used 58474K, committed 59776K, reserved 1114112K
  class space    used 6150K, committed 6720K, reserved 1048576K
}
Event: 20.554 GC heap before
{Heap before GC invocations=381 (full 3):
 PSYoungGen      total 9728K, used 8704K [0x00000000eab00000, 0x00000000eb980000, 0x0000000100000000)
  eden space 8704K, 100% used [0x00000000eab00000,0x00000000eb380000,0x00000000eb380000)
  from space 1024K, 0% used [0x00000000eb580000,0x00000000eb580000,0x00000000eb680000)
  to   space 1536K, 0% used [0x00000000eb800000,0x00000000eb800000,0x00000000eb980000)
 ParOldGen       total 325632K, used 163784K [0x00000000c0000000, 0x00000000d3e00000, 0x00000000eab00000)
  object space 325632K, 50% used [0x00000000c0000000,0x00000000c9ff2048,0x00000000d3e00000)
 Metaspace       used 59008K, committed 60416K, reserved 1114112K
  class space    used 6207K, committed 6848K, reserved 1048576K
}
Event: 20.559 GC heap after
{Heap after GC invocations=381 (full 3):
 PSYoungGen      total 9728K, used 656K [0x00000000eab00000, 0x00000000eb900000, 0x0000000100000000)
  eden space 8704K, 0% used [0x00000000eab00000,0x00000000eab00000,0x00000000eb380000)
  from space 1024K, 64% used [0x00000000eb800000,0x00000000eb8a4010,0x00000000eb900000)
  to   space 1024K, 0% used [0x00000000eb580000,0x00000000eb580000,0x00000000eb680000)
 ParOldGen       total 325632K, used 163784K [0x00000000c0000000, 0x00000000d3e00000, 0x00000000eab00000)
  object space 325632K, 50% used [0x00000000c0000000,0x00000000c9ff2048,0x00000000d3e00000)
 Metaspace       used 59008K, committed 60416K, reserved 1114112K
  class space    used 6207K, committed 6848K, reserved 1048576K
}
Event: 20.865 GC heap before
{Heap before GC invocations=382 (full 3):
 PSYoungGen      total 9728K, used 9360K [0x00000000eab00000, 0x00000000eb900000, 0x0000000100000000)
  eden space 8704K, 100% used [0x00000000eab00000,0x00000000eb380000,0x00000000eb380000)
  from space 1024K, 64% used [0x00000000eb800000,0x00000000eb8a4010,0x00000000eb900000)
  to   space 1024K, 0% used [0x00000000eb580000,0x00000000eb580000,0x00000000eb680000)
 ParOldGen       total 325632K, used 163784K [0x00000000c0000000, 0x00000000d3e00000, 0x00000000eab00000)
  object space 325632K, 50% used [0x00000000c0000000,0x00000000c9ff2048,0x00000000d3e00000)
 Metaspace       used 59330K, committed 60736K, reserved 1114112K
  class space    used 6224K, committed 6848K, reserved 1048576K
}
Event: 20.868 GC heap after
{Heap after GC invocations=382 (full 3):
 PSYoungGen      total 9728K, used 1008K [0x00000000eab00000, 0x00000000eb880000, 0x0000000100000000)
  eden space 8704K, 0% used [0x00000000eab00000,0x00000000eab00000,0x00000000eb380000)
  from space 1024K, 98% used [0x00000000eb580000,0x00000000eb67c030,0x00000000eb680000)
  to   space 1536K, 0% used [0x00000000eb700000,0x00000000eb700000,0x00000000eb880000)
 ParOldGen       total 325632K, used 164025K [0x00000000c0000000, 0x00000000d3e00000, 0x00000000eab00000)
  object space 325632K, 50% used [0x00000000c0000000,0x00000000ca02e590,0x00000000d3e00000)
 Metaspace       used 59330K, committed 60736K, reserved 1114112K
  class space    used 6224K, committed 6848K, reserved 1048576K
}
Event: 21.091 GC heap before
{Heap before GC invocations=383 (full 3):
 PSYoungGen      total 9728K, used 9712K [0x00000000eab00000, 0x00000000eb880000, 0x0000000100000000)
  eden space 8704K, 100% used [0x00000000eab00000,0x00000000eb380000,0x00000000eb380000)
  from space 1024K, 98% used [0x00000000eb580000,0x00000000eb67c030,0x00000000eb680000)
  to   space 1536K, 0% used [0x00000000eb700000,0x00000000eb700000,0x00000000eb880000)
 ParOldGen       total 325632K, used 164025K [0x00000000c0000000, 0x00000000d3e00000, 0x00000000eab00000)
  object space 325632K, 50% used [0x00000000c0000000,0x00000000ca02e590,0x00000000d3e00000)
 Metaspace       used 60029K, committed 61440K, reserved 1114112K
  class space    used 6286K, committed 6912K, reserved 1048576K
}
Event: 21.095 GC heap after
{Heap after GC invocations=383 (full 3):
 PSYoungGen      total 9728K, used 527K [0x00000000eab00000, 0x00000000eb800000, 0x0000000100000000)
  eden space 8704K, 0% used [0x00000000eab00000,0x00000000eab00000,0x00000000eb380000)
  from space 1024K, 51% used [0x00000000eb700000,0x00000000eb783ca8,0x00000000eb800000)
  to   space 1024K, 0% used [0x00000000eb580000,0x00000000eb580000,0x00000000eb680000)
 ParOldGen       total 325632K, used 164778K [0x00000000c0000000, 0x00000000d3e00000, 0x00000000eab00000)
  object space 325632K, 50% used [0x00000000c0000000,0x00000000ca0ea870,0x00000000d3e00000)
 Metaspace       used 60029K, committed 61440K, reserved 1114112K
  class space    used 6286K, committed 6912K, reserved 1048576K
}

