# JRE version: OpenJDK Runtime Environment Temurin-21.0.6+7 (21.0.6+7) (build 21.0.6+7-LTS)
# Java VM: OpenJDK 64-Bit Server VM Temurin-21.0.6+7 (21.0.6+7-LTS, mixed mode, sharing, tiered, compressed oops, compressed class ptrs, parallel gc, windows-amd64)
GC Precious Log:
 CardTable entry size: 512
 CPUs: 8 total, 8 available
 Memory: 7926M
 Large Page Support: Disabled
 NUMA Support: Disabled
 Compressed Oops: Enabled (32-bit)
 Alignments: Space 512K, Generation 512K, Heap 2M
 Heap Min Capacity: 100M
 Heap Initial Capacity: 100M
 Heap Max Capacity: 1G
 Pre-touch: Disabled
 Parallel Workers: 8
Heap:
 PSYoungGen      total 21504K, used 5319K [0x00000000eab00000, 0x00000000ec200000, 0x0000000100000000)
  eden space 20480K, 21% used [0x00000000eab00000,0x00000000eaf4c320,0x00000000ebf00000)
  from space 1024K, 89% used [0x00000000ebf00000,0x00000000ebfe5970,0x00000000ec000000)
  to   space 1536K, 0% used [0x00000000ec080000,0x00000000ec080000,0x00000000ec200000)
 ParOldGen       total 68608K, used 29426K [0x00000000c0000000, 0x00000000c4300000, 0x00000000eab00000)
  object space 68608K, 42% used [0x00000000c0000000,0x00000000c1cbca50,0x00000000c4300000)
 Metaspace       used 36197K, committed 37120K, reserved 1114112K
  class space    used 3564K, committed 3968K, reserved 1048576K
GC Heap History (20 events):
Event: 5.685 GC heap after
{Heap after GC invocations=11 (full 1):
 PSYoungGen      total 26624K, used 3779K [0x00000000eab00000, 0x00000000ecb00000, 0x0000000100000000)
  eden space 22528K, 0% used [0x00000000eab00000,0x00000000eab00000,0x00000000ec100000)
  from space 4096K, 92% used [0x00000000ec700000,0x00000000ecab0f68,0x00000000ecb00000)
  to   space 4608K, 0% used [0x00000000ec200000,0x00000000ec200000,0x00000000ec680000)
 ParOldGen       total 68608K, used 12838K [0x00000000c0000000, 0x00000000c4300000, 0x00000000eab00000)
  object space 68608K, 18% used [0x00000000c0000000,0x00000000c0c89bc0,0x00000000c4300000)
 Metaspace       used 31492K, committed 32448K, reserved 1114112K
  class space    used 3084K, committed 3520K, reserved 1048576K
}
Event: 5.791 GC heap before
{Heap before GC invocations=12 (full 1):
 PSYoungGen      total 26624K, used 26307K [0x00000000eab00000, 0x00000000ecb00000, 0x0000000100000000)
  eden space 22528K, 100% used [0x00000000eab00000,0x00000000ec100000,0x00000000ec100000)
  from space 4096K, 92% used [0x00000000ec700000,0x00000000ecab0f68,0x00000000ecb00000)
  to   space 4608K, 0% used [0x00000000ec200000,0x00000000ec200000,0x00000000ec680000)
 ParOldGen       total 68608K, used 12838K [0x00000000c0000000, 0x00000000c4300000, 0x00000000eab00000)
  object space 68608K, 18% used [0x00000000c0000000,0x00000000c0c89bc0,0x00000000c4300000)
 Metaspace       used 31960K, committed 32896K, reserved 1114112K
  class space    used 3159K, committed 3584K, reserved 1048576K
}
Event: 5.796 GC heap after
{Heap after GC invocations=12 (full 1):
 PSYoungGen      total 25088K, used 2769K [0x00000000eab00000, 0x00000000ec780000, 0x0000000100000000)
  eden space 22016K, 0% used [0x00000000eab00000,0x00000000eab00000,0x00000000ec080000)
  from space 3072K, 90% used [0x00000000ec200000,0x00000000ec4b4480,0x00000000ec500000)
  to   space 2560K, 0% used [0x00000000ec500000,0x00000000ec500000,0x00000000ec780000)
 ParOldGen       total 68608K, used 16420K [0x00000000c0000000, 0x00000000c4300000, 0x00000000eab00000)
  object space 68608K, 23% used [0x00000000c0000000,0x00000000c1009380,0x00000000c4300000)
 Metaspace       used 31960K, committed 32896K, reserved 1114112K
  class space    used 3159K, committed 3584K, reserved 1048576K
}
Event: 5.850 GC heap before
{Heap before GC invocations=13 (full 1):
 PSYoungGen      total 25088K, used 24785K [0x00000000eab00000, 0x00000000ec780000, 0x0000000100000000)
  eden space 22016K, 100% used [0x00000000eab00000,0x00000000ec080000,0x00000000ec080000)
  from space 3072K, 90% used [0x00000000ec200000,0x00000000ec4b4480,0x00000000ec500000)
  to   space 2560K, 0% used [0x00000000ec500000,0x00000000ec500000,0x00000000ec780000)
 ParOldGen       total 68608K, used 16420K [0x00000000c0000000, 0x00000000c4300000, 0x00000000eab00000)
  object space 68608K, 23% used [0x00000000c0000000,0x00000000c1009380,0x00000000c4300000)
 Metaspace       used 31977K, committed 32896K, reserved 1114112K
  class space    used 3160K, committed 3584K, reserved 1048576K
}
Event: 5.854 GC heap after
{Heap after GC invocations=13 (full 1):
 PSYoungGen      total 23040K, used 2530K [0x00000000eab00000, 0x00000000ecc80000, 0x0000000100000000)
  eden space 20480K, 0% used [0x00000000eab00000,0x00000000eab00000,0x00000000ebf00000)
  from space 2560K, 98% used [0x00000000ec500000,0x00000000ec778810,0x00000000ec780000)
  to   space 6144K, 0% used [0x00000000ebf00000,0x00000000ebf00000,0x00000000ec500000)
 ParOldGen       total 68608K, used 19112K [0x00000000c0000000, 0x00000000c4300000, 0x00000000eab00000)
  object space 68608K, 27% used [0x00000000c0000000,0x00000000c12aa140,0x00000000c4300000)
 Metaspace       used 31977K, committed 32896K, reserved 1114112K
  class space    used 3160K, committed 3584K, reserved 1048576K
}
Event: 5.909 GC heap before
{Heap before GC invocations=14 (full 1):
 PSYoungGen      total 23040K, used 23010K [0x00000000eab00000, 0x00000000ecc80000, 0x0000000100000000)
  eden space 20480K, 100% used [0x00000000eab00000,0x00000000ebf00000,0x00000000ebf00000)
  from space 2560K, 98% used [0x00000000ec500000,0x00000000ec778810,0x00000000ec780000)
  to   space 6144K, 0% used [0x00000000ebf00000,0x00000000ebf00000,0x00000000ec500000)
 ParOldGen       total 68608K, used 19112K [0x00000000c0000000, 0x00000000c4300000, 0x00000000eab00000)
  object space 68608K, 27% used [0x00000000c0000000,0x00000000c12aa140,0x00000000c4300000)
 Metaspace       used 32008K, committed 33024K, reserved 1114112K
  class space    used 3160K, committed 3584K, reserved 1048576K
}
Event: 5.913 GC heap after
{Heap after GC invocations=14 (full 1):
 PSYoungGen      total 23040K, used 2308K [0x00000000eab00000, 0x00000000ec600000, 0x0000000100000000)
  eden space 20480K, 0% used [0x00000000eab00000,0x00000000eab00000,0x00000000ebf00000)
  from space 2560K, 90% used [0x00000000ebf00000,0x00000000ec141000,0x00000000ec180000)
  to   space 3584K, 0% used [0x00000000ec280000,0x00000000ec280000,0x00000000ec600000)
 ParOldGen       total 68608K, used 21510K [0x00000000c0000000, 0x00000000c4300000, 0x00000000eab00000)
  object space 68608K, 31% used [0x00000000c0000000,0x00000000c1501b00,0x00000000c4300000)
 Metaspace       used 32008K, committed 33024K, reserved 1114112K
  class space    used 3160K, committed 3584K, reserved 1048576K
}
Event: 5.985 GC heap before
{Heap before GC invocations=15 (full 1):
 PSYoungGen      total 23040K, used 22788K [0x00000000eab00000, 0x00000000ec600000, 0x0000000100000000)
  eden space 20480K, 100% used [0x00000000eab00000,0x00000000ebf00000,0x00000000ebf00000)
  from space 2560K, 90% used [0x00000000ebf00000,0x00000000ec141000,0x00000000ec180000)
  to   space 3584K, 0% used [0x00000000ec280000,0x00000000ec280000,0x00000000ec600000)
 ParOldGen       total 68608K, used 21510K [0x00000000c0000000, 0x00000000c4300000, 0x00000000eab00000)
  object space 68608K, 31% used [0x00000000c0000000,0x00000000c1501b00,0x00000000c4300000)
 Metaspace       used 32103K, committed 33088K, reserved 1114112K
  class space    used 3160K, committed 3584K, reserved 1048576K
}
Event: 5.990 GC heap after
{Heap after GC invocations=15 (full 1):
 PSYoungGen      total 23040K, used 2400K [0x00000000eab00000, 0x00000000ec500000, 0x0000000100000000)
  eden space 20480K, 0% used [0x00000000eab00000,0x00000000eab00000,0x00000000ebf00000)
  from space 2560K, 93% used [0x00000000ec280000,0x00000000ec4d8010,0x00000000ec500000)
  to   space 2560K, 0% used [0x00000000ebf00000,0x00000000ebf00000,0x00000000ec180000)
 ParOldGen       total 68608K, used 23692K [0x00000000c0000000, 0x00000000c4300000, 0x00000000eab00000)
  object space 68608K, 34% used [0x00000000c0000000,0x00000000c1723128,0x00000000c4300000)
 Metaspace       used 32103K, committed 33088K, reserved 1114112K
  class space    used 3160K, committed 3584K, reserved 1048576K
}
Event: 6.032 GC heap before
{Heap before GC invocations=16 (full 1):
 PSYoungGen      total 23040K, used 22880K [0x00000000eab00000, 0x00000000ec500000, 0x0000000100000000)
  eden space 20480K, 100% used [0x00000000eab00000,0x00000000ebf00000,0x00000000ebf00000)
  from space 2560K, 93% used [0x00000000ec280000,0x00000000ec4d8010,0x00000000ec500000)
  to   space 2560K, 0% used [0x00000000ebf00000,0x00000000ebf00000,0x00000000ec180000)
 ParOldGen       total 68608K, used 23692K [0x00000000c0000000, 0x00000000c4300000, 0x00000000eab00000)
  object space 68608K, 34% used [0x00000000c0000000,0x00000000c1723128,0x00000000c4300000)
 Metaspace       used 32163K, committed 33152K, reserved 1114112K
  class space    used 3160K, committed 3584K, reserved 1048576K
}
Event: 6.037 GC heap after
{Heap after GC invocations=16 (full 1):
 PSYoungGen      total 23040K, used 2112K [0x00000000eab00000, 0x00000000ec400000, 0x0000000100000000)
  eden space 20480K, 0% used [0x00000000eab00000,0x00000000eab00000,0x00000000ebf00000)
  from space 2560K, 82% used [0x00000000ebf00000,0x00000000ec110000,0x00000000ec180000)
  to   space 2560K, 0% used [0x00000000ec180000,0x00000000ec180000,0x00000000ec400000)
 ParOldGen       total 68608K, used 26020K [0x00000000c0000000, 0x00000000c4300000, 0x00000000eab00000)
  object space 68608K, 37% used [0x00000000c0000000,0x00000000c1969138,0x00000000c4300000)
 Metaspace       used 32163K, committed 33152K, reserved 1114112K
  class space    used 3160K, committed 3584K, reserved 1048576K
}
Event: 6.367 GC heap before
{Heap before GC invocations=17 (full 1):
 PSYoungGen      total 23040K, used 22563K [0x00000000eab00000, 0x00000000ec400000, 0x0000000100000000)
  eden space 20480K, 99% used [0x00000000eab00000,0x00000000ebef8ea0,0x00000000ebf00000)
  from space 2560K, 82% used [0x00000000ebf00000,0x00000000ec110000,0x00000000ec180000)
  to   space 2560K, 0% used [0x00000000ec180000,0x00000000ec180000,0x00000000ec400000)
 ParOldGen       total 68608K, used 26020K [0x00000000c0000000, 0x00000000c4300000, 0x00000000eab00000)
  object space 68608K, 37% used [0x00000000c0000000,0x00000000c1969138,0x00000000c4300000)
 Metaspace       used 34042K, committed 35008K, reserved 1114112K
  class space    used 3403K, committed 3840K, reserved 1048576K
}
Event: 6.370 GC heap after
{Heap after GC invocations=17 (full 1):
 PSYoungGen      total 22016K, used 1144K [0x00000000eab00000, 0x00000000ec300000, 0x0000000100000000)
  eden space 20480K, 0% used [0x00000000eab00000,0x00000000eab00000,0x00000000ebf00000)
  from space 1536K, 74% used [0x00000000ec180000,0x00000000ec29e0b0,0x00000000ec300000)
  to   space 1536K, 0% used [0x00000000ec000000,0x00000000ec000000,0x00000000ec180000)
 ParOldGen       total 68608K, used 28028K [0x00000000c0000000, 0x00000000c4300000, 0x00000000eab00000)
  object space 68608K, 40% used [0x00000000c0000000,0x00000000c1b5f338,0x00000000c4300000)
 Metaspace       used 34042K, committed 35008K, reserved 1114112K
  class space    used 3403K, committed 3840K, reserved 1048576K
}
Event: 6.582 GC heap before
{Heap before GC invocations=18 (full 1):
 PSYoungGen      total 22016K, used 19439K [0x00000000eab00000, 0x00000000ec300000, 0x0000000100000000)
  eden space 20480K, 89% used [0x00000000eab00000,0x00000000ebcddb60,0x00000000ebf00000)
  from space 1536K, 74% used [0x00000000ec180000,0x00000000ec29e0b0,0x00000000ec300000)
  to   space 1536K, 0% used [0x00000000ec000000,0x00000000ec000000,0x00000000ec180000)
 ParOldGen       total 68608K, used 28028K [0x00000000c0000000, 0x00000000c4300000, 0x00000000eab00000)
  object space 68608K, 40% used [0x00000000c0000000,0x00000000c1b5f338,0x00000000c4300000)
 Metaspace       used 34879K, committed 35840K, reserved 1114112K
  class space    used 3500K, committed 3904K, reserved 1048576K
}
Event: 6.584 GC heap after
{Heap after GC invocations=18 (full 1):
 PSYoungGen      total 20992K, used 384K [0x00000000eab00000, 0x00000000ec200000, 0x0000000100000000)
  eden space 20480K, 0% used [0x00000000eab00000,0x00000000eab00000,0x00000000ebf00000)
  from space 512K, 75% used [0x00000000ec000000,0x00000000ec060010,0x00000000ec080000)
  to   space 1024K, 0% used [0x00000000ec100000,0x00000000ec100000,0x00000000ec200000)
 ParOldGen       total 68608K, used 29000K [0x00000000c0000000, 0x00000000c4300000, 0x00000000eab00000)
  object space 68608K, 42% used [0x00000000c0000000,0x00000000c1c520e0,0x00000000c4300000)
 Metaspace       used 34879K, committed 35840K, reserved 1114112K
  class space    used 3500K, committed 3904K, reserved 1048576K
}
Event: 6.584 GC heap before
{Heap before GC invocations=19 (full 2):
 PSYoungGen      total 20992K, used 384K [0x00000000eab00000, 0x00000000ec200000, 0x0000000100000000)
  eden space 20480K, 0% used [0x00000000eab00000,0x00000000eab00000,0x00000000ebf00000)
  from space 512K, 75% used [0x00000000ec000000,0x00000000ec060010,0x00000000ec080000)
  to   space 1024K, 0% used [0x00000000ec100000,0x00000000ec100000,0x00000000ec200000)
 ParOldGen       total 68608K, used 29000K [0x00000000c0000000, 0x00000000c4300000, 0x00000000eab00000)
  object space 68608K, 42% used [0x00000000c0000000,0x00000000c1c520e0,0x00000000c4300000)
 Metaspace       used 34879K, committed 35840K, reserved 1114112K
  class space    used 3500K, committed 3904K, reserved 1048576K
}
Event: 6.631 GC heap after
{Heap after GC invocations=19 (full 2):
 PSYoungGen      total 20992K, used 0K [0x00000000eab00000, 0x00000000ec200000, 0x0000000100000000)
  eden space 20480K, 0% used [0x00000000eab00000,0x00000000eab00000,0x00000000ebf00000)
  from space 512K, 0% used [0x00000000ec000000,0x00000000ec000000,0x00000000ec080000)
  to   space 1024K, 0% used [0x00000000ec100000,0x00000000ec100000,0x00000000ec200000)
 ParOldGen       total 68608K, used 27886K [0x00000000c0000000, 0x00000000c4300000, 0x00000000eab00000)
  object space 68608K, 40% used [0x00000000c0000000,0x00000000c1b3bb00,0x00000000c4300000)
 Metaspace       used 34775K, committed 35840K, reserved 1114112K
  class space    used 3470K, committed 3904K, reserved 1048576K
}
Event: 6.788 GC heap before
{Heap before GC invocations=20 (full 2):
 PSYoungGen      total 20992K, used 20450K [0x00000000eab00000, 0x00000000ec200000, 0x0000000100000000)
  eden space 20480K, 99% used [0x00000000eab00000,0x00000000ebef88a0,0x00000000ebf00000)
  from space 512K, 0% used [0x00000000ec000000,0x00000000ec000000,0x00000000ec080000)
  to   space 1024K, 0% used [0x00000000ec100000,0x00000000ec100000,0x00000000ec200000)
 ParOldGen       total 68608K, used 27886K [0x00000000c0000000, 0x00000000c4300000, 0x00000000eab00000)
  object space 68608K, 40% used [0x00000000c0000000,0x00000000c1b3bb00,0x00000000c4300000)
 Metaspace       used 35982K, committed 36928K, reserved 1114112K
  class space    used 3559K, committed 3968K, reserved 1048576K
}
Event: 6.789 GC heap after
{Heap after GC invocations=20 (full 2):
 PSYoungGen      total 21504K, used 993K [0x00000000eab00000, 0x00000000ec300000, 0x0000000100000000)
  eden space 20480K, 0% used [0x00000000eab00000,0x00000000eab00000,0x00000000ebf00000)
  from space 1024K, 97% used [0x00000000ec100000,0x00000000ec1f87a8,0x00000000ec200000)
  to   space 2048K, 0% used [0x00000000ebf00000,0x00000000ebf00000,0x00000000ec100000)
 ParOldGen       total 68608K, used 28476K [0x00000000c0000000, 0x00000000c4300000, 0x00000000eab00000)
  object space 68608K, 41% used [0x00000000c0000000,0x00000000c1bcf020,0x00000000c4300000)
 Metaspace       used 35982K, committed 36928K, reserved 1114112K
  class space    used 3559K, committed 3968K, reserved 1048576K
}
Event: 6.884 GC heap before
{Heap before GC invocations=21 (full 2):
 PSYoungGen      total 21504K, used 21473K [0x00000000eab00000, 0x00000000ec300000, 0x0000000100000000)
  eden space 20480K, 100% used [0x00000000eab00000,0x00000000ebf00000,0x00000000ebf00000)
  from space 1024K, 97% used [0x00000000ec100000,0x00000000ec1f87a8,0x00000000ec200000)
  to   space 2048K, 0% used [0x00000000ebf00000,0x00000000ebf00000,0x00000000ec100000)
 ParOldGen       total 68608K, used 28476K [0x00000000c0000000, 0x00000000c4300000, 0x00000000eab00000)
  object space 68608K, 41% used [0x00000000c0000000,0x00000000c1bcf020,0x00000000c4300000)
 Metaspace       used 36004K, committed 36928K, reserved 1114112K
  class space    used 3559K, committed 3968K, reserved 1048576K
}

