# JRE version: OpenJDK Runtime Environment Temurin-21.0.6+7 (21.0.6+7) (build 21.0.6+7-LTS)
# Java VM: OpenJDK 64-Bit Server VM Temurin-21.0.6+7 (21.0.6+7-LTS, mixed mode, sharing, tiered, compressed oops, compressed class ptrs, parallel gc, windows-amd64)
GC Precious Log:
 CardTable entry size: 512
 CPUs: 8 total, 8 available
 Memory: 7926M
 Large Page Support: Disabled
 NUMA Support: Disabled
 Compressed Oops: Enabled (32-bit)
 Alignments: Space 512K, Generation 512K, Heap 2M
 Heap Min Capacity: 100M
 Heap Initial Capacity: 100M
 Heap Max Capacity: 1G
 Pre-touch: Disabled
 Parallel Workers: 8
Heap:
 PSYoungGen      total 2048K, used 189K [0x00000000eab00000, 0x00000000eae00000, 0x0000000100000000)
  eden space 1536K, 1% used [0x00000000eab00000,0x00000000eab07558,0x00000000eac80000)
  from space 512K, 31% used [0x00000000eac80000,0x00000000eaca8000,0x00000000ead00000)
  to   space 512K, 0% used [0x00000000ead80000,0x00000000ead80000,0x00000000eae00000)
 ParOldGen       total 604672K, used 604652K [0x00000000c0000000, 0x00000000e4e80000, 0x00000000eab00000)
  object space 604672K, 99% used [0x00000000c0000000,0x00000000e4e7b2f8,0x00000000e4e80000)
 Metaspace       used 64239K, committed 65728K, reserved 1114112K
  class space    used 6689K, committed 7360K, reserved 1048576K
GC Heap History (20 events):
Event: 63.510 GC heap before
{Heap before GC invocations=379 (full 3):
 PSYoungGen      total 3072K, used 2880K [0x00000000eab00000, 0x00000000eaf80000, 0x0000000100000000)
  eden space 2560K, 100% used [0x00000000eab00000,0x00000000ead80000,0x00000000ead80000)
  from space 512K, 62% used [0x00000000ead80000,0x00000000eadd0000,0x00000000eae00000)
  to   space 1024K, 0% used [0x00000000eae80000,0x00000000eae80000,0x00000000eaf80000)
 ParOldGen       total 602112K, used 601993K [0x00000000c0000000, 0x00000000e4c00000, 0x00000000eab00000)
  object space 602112K, 99% used [0x00000000c0000000,0x00000000e4be24b8,0x00000000e4c00000)
 Metaspace       used 63861K, committed 65344K, reserved 1114112K
  class space    used 6663K, committed 7296K, reserved 1048576K
}
Event: 63.514 GC heap after
{Heap after GC invocations=379 (full 3):
 PSYoungGen      total 3072K, used 256K [0x00000000eab00000, 0x00000000eaf00000, 0x0000000100000000)
  eden space 2560K, 0% used [0x00000000eab00000,0x00000000eab00000,0x00000000ead80000)
  from space 512K, 50% used [0x00000000eae80000,0x00000000eaec0000,0x00000000eaf00000)
  to   space 512K, 0% used [0x00000000ead80000,0x00000000ead80000,0x00000000eae00000)
 ParOldGen       total 602624K, used 602145K [0x00000000c0000000, 0x00000000e4c80000, 0x00000000eab00000)
  object space 602624K, 99% used [0x00000000c0000000,0x00000000e4c084b8,0x00000000e4c80000)
 Metaspace       used 63861K, committed 65344K, reserved 1114112K
  class space    used 6663K, committed 7296K, reserved 1048576K
}
Event: 63.559 GC heap before
{Heap before GC invocations=380 (full 3):
 PSYoungGen      total 3072K, used 2815K [0x00000000eab00000, 0x00000000eaf00000, 0x0000000100000000)
  eden space 2560K, 99% used [0x00000000eab00000,0x00000000ead7fff0,0x00000000ead80000)
  from space 512K, 50% used [0x00000000eae80000,0x00000000eaec0000,0x00000000eaf00000)
  to   space 512K, 0% used [0x00000000ead80000,0x00000000ead80000,0x00000000eae00000)
 ParOldGen       total 602624K, used 602145K [0x00000000c0000000, 0x00000000e4c80000, 0x00000000eab00000)
  object space 602624K, 99% used [0x00000000c0000000,0x00000000e4c084b8,0x00000000e4c80000)
 Metaspace       used 63912K, committed 65408K, reserved 1114112K
  class space    used 6664K, committed 7296K, reserved 1048576K
}
Event: 63.563 GC heap after
{Heap after GC invocations=380 (full 3):
 PSYoungGen      total 3072K, used 448K [0x00000000eab00000, 0x00000000eaf00000, 0x0000000100000000)
  eden space 2560K, 0% used [0x00000000eab00000,0x00000000eab00000,0x00000000ead80000)
  from space 512K, 87% used [0x00000000ead80000,0x00000000eadf0000,0x00000000eae00000)
  to   space 512K, 0% used [0x00000000eae80000,0x00000000eae80000,0x00000000eaf00000)
 ParOldGen       total 602624K, used 602201K [0x00000000c0000000, 0x00000000e4c80000, 0x00000000eab00000)
  object space 602624K, 99% used [0x00000000c0000000,0x00000000e4c164b8,0x00000000e4c80000)
 Metaspace       used 63912K, committed 65408K, reserved 1114112K
  class space    used 6664K, committed 7296K, reserved 1048576K
}
Event: 109.087 GC heap before
{Heap before GC invocations=381 (full 3):
 PSYoungGen      total 3072K, used 3007K [0x00000000eab00000, 0x00000000eaf00000, 0x0000000100000000)
  eden space 2560K, 99% used [0x00000000eab00000,0x00000000ead7ffe8,0x00000000ead80000)
  from space 512K, 87% used [0x00000000ead80000,0x00000000eadf0000,0x00000000eae00000)
  to   space 512K, 0% used [0x00000000eae80000,0x00000000eae80000,0x00000000eaf00000)
 ParOldGen       total 602624K, used 602201K [0x00000000c0000000, 0x00000000e4c80000, 0x00000000eab00000)
  object space 602624K, 99% used [0x00000000c0000000,0x00000000e4c164b8,0x00000000e4c80000)
 Metaspace       used 63955K, committed 65472K, reserved 1114112K
  class space    used 6664K, committed 7296K, reserved 1048576K
}
Event: 109.090 GC heap after
{Heap after GC invocations=381 (full 3):
 PSYoungGen      total 3072K, used 256K [0x00000000eab00000, 0x00000000eaf00000, 0x0000000100000000)
  eden space 2560K, 0% used [0x00000000eab00000,0x00000000eab00000,0x00000000ead80000)
  from space 512K, 50% used [0x00000000eae80000,0x00000000eaec0000,0x00000000eaf00000)
  to   space 512K, 0% used [0x00000000ead80000,0x00000000ead80000,0x00000000eae00000)
 ParOldGen       total 602624K, used 602249K [0x00000000c0000000, 0x00000000e4c80000, 0x00000000eab00000)
  object space 602624K, 99% used [0x00000000c0000000,0x00000000e4c224b8,0x00000000e4c80000)
 Metaspace       used 63955K, committed 65472K, reserved 1114112K
  class space    used 6664K, committed 7296K, reserved 1048576K
}
Event: 113.864 GC heap before
{Heap before GC invocations=382 (full 3):
 PSYoungGen      total 3072K, used 2816K [0x00000000eab00000, 0x00000000eaf00000, 0x0000000100000000)
  eden space 2560K, 100% used [0x00000000eab00000,0x00000000ead80000,0x00000000ead80000)
  from space 512K, 50% used [0x00000000eae80000,0x00000000eaec0000,0x00000000eaf00000)
  to   space 512K, 0% used [0x00000000ead80000,0x00000000ead80000,0x00000000eae00000)
 ParOldGen       total 602624K, used 602249K [0x00000000c0000000, 0x00000000e4c80000, 0x00000000eab00000)
  object space 602624K, 99% used [0x00000000c0000000,0x00000000e4c224b8,0x00000000e4c80000)
 Metaspace       used 64068K, committed 65664K, reserved 1114112K
  class space    used 6676K, committed 7360K, reserved 1048576K
}
Event: 113.867 GC heap after
{Heap after GC invocations=382 (full 3):
 PSYoungGen      total 3072K, used 448K [0x00000000eab00000, 0x00000000eaf00000, 0x0000000100000000)
  eden space 2560K, 0% used [0x00000000eab00000,0x00000000eab00000,0x00000000ead80000)
  from space 512K, 87% used [0x00000000ead80000,0x00000000eadf0000,0x00000000eae00000)
  to   space 512K, 0% used [0x00000000eae80000,0x00000000eae80000,0x00000000eaf00000)
 ParOldGen       total 602624K, used 602305K [0x00000000c0000000, 0x00000000e4c80000, 0x00000000eab00000)
  object space 602624K, 99% used [0x00000000c0000000,0x00000000e4c304b8,0x00000000e4c80000)
 Metaspace       used 64068K, committed 65664K, reserved 1114112K
  class space    used 6676K, committed 7360K, reserved 1048576K
}
Event: 114.083 GC heap before
{Heap before GC invocations=383 (full 3):
 PSYoungGen      total 3072K, used 3008K [0x00000000eab00000, 0x00000000eaf00000, 0x0000000100000000)
  eden space 2560K, 100% used [0x00000000eab00000,0x00000000ead80000,0x00000000ead80000)
  from space 512K, 87% used [0x00000000ead80000,0x00000000eadf0000,0x00000000eae00000)
  to   space 512K, 0% used [0x00000000eae80000,0x00000000eae80000,0x00000000eaf00000)
 ParOldGen       total 602624K, used 602305K [0x00000000c0000000, 0x00000000e4c80000, 0x00000000eab00000)
  object space 602624K, 99% used [0x00000000c0000000,0x00000000e4c304b8,0x00000000e4c80000)
 Metaspace       used 64183K, committed 65728K, reserved 1114112K
  class space    used 6687K, committed 7360K, reserved 1048576K
}
Event: 114.087 GC heap after
{Heap after GC invocations=383 (full 3):
 PSYoungGen      total 3072K, used 224K [0x00000000eab00000, 0x00000000eaf00000, 0x0000000100000000)
  eden space 2560K, 0% used [0x00000000eab00000,0x00000000eab00000,0x00000000ead80000)
  from space 512K, 43% used [0x00000000eae80000,0x00000000eaeb8000,0x00000000eaf00000)
  to   space 512K, 0% used [0x00000000ead80000,0x00000000ead80000,0x00000000eae00000)
 ParOldGen       total 603136K, used 602703K [0x00000000c0000000, 0x00000000e4d00000, 0x00000000eab00000)
  object space 603136K, 99% used [0x00000000c0000000,0x00000000e4c93f08,0x00000000e4d00000)
 Metaspace       used 64183K, committed 65728K, reserved 1114112K
  class space    used 6687K, committed 7360K, reserved 1048576K
}
Event: 115.106 GC heap before
{Heap before GC invocations=384 (full 3):
 PSYoungGen      total 3072K, used 2784K [0x00000000eab00000, 0x00000000eaf00000, 0x0000000100000000)
  eden space 2560K, 100% used [0x00000000eab00000,0x00000000ead80000,0x00000000ead80000)
  from space 512K, 43% used [0x00000000eae80000,0x00000000eaeb8000,0x00000000eaf00000)
  to   space 512K, 0% used [0x00000000ead80000,0x00000000ead80000,0x00000000eae00000)
 ParOldGen       total 603136K, used 602703K [0x00000000c0000000, 0x00000000e4d00000, 0x00000000eab00000)
  object space 603136K, 99% used [0x00000000c0000000,0x00000000e4c93f08,0x00000000e4d00000)
 Metaspace       used 64193K, committed 65728K, reserved 1114112K
  class space    used 6688K, committed 7360K, reserved 1048576K
}
Event: 115.109 GC heap after
{Heap after GC invocations=384 (full 3):
 PSYoungGen      total 3072K, used 448K [0x00000000eab00000, 0x00000000eaf00000, 0x0000000100000000)
  eden space 2560K, 0% used [0x00000000eab00000,0x00000000eab00000,0x00000000ead80000)
  from space 512K, 87% used [0x00000000ead80000,0x00000000eadf0020,0x00000000eae00000)
  to   space 512K, 0% used [0x00000000eae80000,0x00000000eae80000,0x00000000eaf00000)
 ParOldGen       total 603136K, used 602783K [0x00000000c0000000, 0x00000000e4d00000, 0x00000000eab00000)
  object space 603136K, 99% used [0x00000000c0000000,0x00000000e4ca7f08,0x00000000e4d00000)
 Metaspace       used 64193K, committed 65728K, reserved 1114112K
  class space    used 6688K, committed 7360K, reserved 1048576K
}
Event: 115.120 GC heap before
{Heap before GC invocations=385 (full 3):
 PSYoungGen      total 3072K, used 3008K [0x00000000eab00000, 0x00000000eaf00000, 0x0000000100000000)
  eden space 2560K, 100% used [0x00000000eab00000,0x00000000ead80000,0x00000000ead80000)
  from space 512K, 87% used [0x00000000ead80000,0x00000000eadf0020,0x00000000eae00000)
  to   space 512K, 0% used [0x00000000eae80000,0x00000000eae80000,0x00000000eaf00000)
 ParOldGen       total 603136K, used 602783K [0x00000000c0000000, 0x00000000e4d00000, 0x00000000eab00000)
  object space 603136K, 99% used [0x00000000c0000000,0x00000000e4ca7f08,0x00000000e4d00000)
 Metaspace       used 64196K, committed 65728K, reserved 1114112K
  class space    used 6688K, committed 7360K, reserved 1048576K
}
Event: 115.124 GC heap after
{Heap after GC invocations=385 (full 3):
 PSYoungGen      total 2560K, used 512K [0x00000000eab00000, 0x00000000eb080000, 0x0000000100000000)
  eden space 2048K, 0% used [0x00000000eab00000,0x00000000eab00000,0x00000000ead00000)
  from space 512K, 100% used [0x00000000eae80000,0x00000000eaf00000,0x00000000eaf00000)
  to   space 1536K, 0% used [0x00000000ead00000,0x00000000ead00000,0x00000000eae80000)
 ParOldGen       total 603648K, used 603392K [0x00000000c0000000, 0x00000000e4d80000, 0x00000000eab00000)
  object space 603648K, 99% used [0x00000000c0000000,0x00000000e4d40298,0x00000000e4d80000)
 Metaspace       used 64196K, committed 65728K, reserved 1114112K
  class space    used 6688K, committed 7360K, reserved 1048576K
}
Event: 115.135 GC heap before
{Heap before GC invocations=386 (full 3):
 PSYoungGen      total 2560K, used 2560K [0x00000000eab00000, 0x00000000eb080000, 0x0000000100000000)
  eden space 2048K, 100% used [0x00000000eab00000,0x00000000ead00000,0x00000000ead00000)
  from space 512K, 100% used [0x00000000eae80000,0x00000000eaf00000,0x00000000eaf00000)
  to   space 1536K, 0% used [0x00000000ead00000,0x00000000ead00000,0x00000000eae80000)
 ParOldGen       total 603648K, used 603392K [0x00000000c0000000, 0x00000000e4d80000, 0x00000000eab00000)
  object space 603648K, 99% used [0x00000000c0000000,0x00000000e4d40298,0x00000000e4d80000)
 Metaspace       used 64199K, committed 65728K, reserved 1114112K
  class space    used 6689K, committed 7360K, reserved 1048576K
}
Event: 115.137 GC heap after
{Heap after GC invocations=386 (full 3):
 PSYoungGen      total 3072K, used 672K [0x00000000eab00000, 0x00000000eaf00000, 0x0000000100000000)
  eden space 2048K, 0% used [0x00000000eab00000,0x00000000eab00000,0x00000000ead00000)
  from space 1024K, 65% used [0x00000000ead00000,0x00000000eada8000,0x00000000eae00000)
  to   space 1024K, 0% used [0x00000000eae00000,0x00000000eae00000,0x00000000eaf00000)
 ParOldGen       total 604160K, used 603904K [0x00000000c0000000, 0x00000000e4e00000, 0x00000000eab00000)
  object space 604160K, 99% used [0x00000000c0000000,0x00000000e4dc02a8,0x00000000e4e00000)
 Metaspace       used 64199K, committed 65728K, reserved 1114112K
  class space    used 6689K, committed 7360K, reserved 1048576K
}
Event: 115.149 GC heap before
{Heap before GC invocations=387 (full 3):
 PSYoungGen      total 3072K, used 2719K [0x00000000eab00000, 0x00000000eaf00000, 0x0000000100000000)
  eden space 2048K, 99% used [0x00000000eab00000,0x00000000eacfff18,0x00000000ead00000)
  from space 1024K, 65% used [0x00000000ead00000,0x00000000eada8000,0x00000000eae00000)
  to   space 1024K, 0% used [0x00000000eae00000,0x00000000eae00000,0x00000000eaf00000)
 ParOldGen       total 604160K, used 603904K [0x00000000c0000000, 0x00000000e4e00000, 0x00000000eab00000)
  object space 604160K, 99% used [0x00000000c0000000,0x00000000e4dc02a8,0x00000000e4e00000)
 Metaspace       used 64201K, committed 65728K, reserved 1114112K
  class space    used 6689K, committed 7360K, reserved 1048576K
}
Event: 115.152 GC heap after
{Heap after GC invocations=387 (full 3):
 PSYoungGen      total 2560K, used 976K [0x00000000eab00000, 0x00000000eb000000, 0x0000000100000000)
  eden space 1536K, 0% used [0x00000000eab00000,0x00000000eab00000,0x00000000eac80000)
  from space 1024K, 95% used [0x00000000eae00000,0x00000000eaef4010,0x00000000eaf00000)
  to   space 1536K, 0% used [0x00000000eac80000,0x00000000eac80000,0x00000000eae00000)
 ParOldGen       total 604160K, used 604092K [0x00000000c0000000, 0x00000000e4e00000, 0x00000000eab00000)
  object space 604160K, 99% used [0x00000000c0000000,0x00000000e4def2a8,0x00000000e4e00000)
 Metaspace       used 64201K, committed 65728K, reserved 1114112K
  class space    used 6689K, committed 7360K, reserved 1048576K
}
Event: 115.238 GC heap before
{Heap before GC invocations=388 (full 3):
 PSYoungGen      total 2560K, used 2512K [0x00000000eab00000, 0x00000000eb000000, 0x0000000100000000)
  eden space 1536K, 99% used [0x00000000eab00000,0x00000000eac7fff8,0x00000000eac80000)
  from space 1024K, 95% used [0x00000000eae00000,0x00000000eaef4010,0x00000000eaf00000)
  to   space 1536K, 0% used [0x00000000eac80000,0x00000000eac80000,0x00000000eae00000)
 ParOldGen       total 604160K, used 604092K [0x00000000c0000000, 0x00000000e4e00000, 0x00000000eab00000)
  object space 604160K, 99% used [0x00000000c0000000,0x00000000e4def2a8,0x00000000e4e00000)
 Metaspace       used 64219K, committed 65728K, reserved 1114112K
  class space    used 6689K, committed 7360K, reserved 1048576K
}
Event: 115.243 GC heap after
{Heap after GC invocations=388 (full 3):
 PSYoungGen      total 2048K, used 320K [0x00000000eab00000, 0x00000000eae80000, 0x0000000100000000)
  eden space 1536K, 0% used [0x00000000eab00000,0x00000000eab00000,0x00000000eac80000)
  from space 512K, 62% used [0x00000000eac80000,0x00000000eacd0040,0x00000000ead00000)
  to   space 1024K, 0% used [0x00000000ead80000,0x00000000ead80000,0x00000000eae80000)
 ParOldGen       total 604672K, used 604412K [0x00000000c0000000, 0x00000000e4e80000, 0x00000000eab00000)
  object space 604672K, 99% used [0x00000000c0000000,0x00000000e4e3f2b8,0x00000000e4e80000)
 Metaspace       used 64219K, committed 65728K, reserved 1114112K
  class space    used 6689K, committed 7360K, reserved 1048576K
}

